

============================== 2023-04-24 08:16:28.165309 | 068a3e1c-6db1-40cb-adad-95341793cc32 ==============================
[0m08:16:28.165309 [info ] [MainThread]: Running with dbt=1.4.5
[0m08:16:28.166002 [debug] [MainThread]: running dbt with arguments {'write_json': True, 'use_colors': True, 'printer_width': 80, 'version_check': True, 'partial_parse': True, 'static_parser': True, 'profiles_dir': '/Users/tim/.dbt', 'send_anonymous_usage_stats': True, 'quiet': False, 'no_print': False, 'cache_selected_only': False, 'project_name': 'cs_hackthon_tim', 'skip_profile_setup': False, 'which': 'init', 'indirect_selection': 'eager'}
[0m08:16:28.166091 [debug] [MainThread]: Tracking: tracking
[0m08:16:28.178126 [debug] [MainThread]: Sending event: {'category': 'dbt', 'action': 'invocation', 'label': 'start', 'context': [<snowplow_tracker.self_describing_json.SelfDescribingJson object at 0x1041b9610>, <snowplow_tracker.self_describing_json.SelfDescribingJson object at 0x1041b9370>, <snowplow_tracker.self_describing_json.SelfDescribingJson object at 0x1041b93d0>]}
[0m08:16:28.178676 [info ] [MainThread]: Creating dbt configuration folder at /Users/tim/.dbt
[0m08:16:28.180060 [debug] [MainThread]: Starter project path: /opt/homebrew/Cellar/dbt-bigquery/1.4.3/libexec/lib/python3.9/site-packages/dbt/include/starter_project
[0m08:17:55.342223 [info ] [MainThread]: Profile cs_hackthon_tim written to /Users/tim/.dbt/profiles.yml using target's profile_template.yml and your supplied values. Run 'dbt debug' to validate the connection.
[0m08:17:55.343681 [info ] [MainThread]: 
Your new dbt project "cs_hackthon_tim" was created!

For more information on how to configure the profiles.yml file,
please consult the dbt documentation here:

  https://docs.getdbt.com/docs/configure-your-profile

One more thing:

Need help? Don't hesitate to reach out to us via GitHub issues or on Slack:

  https://community.getdbt.com/

Happy modeling!

[0m08:17:55.345107 [debug] [MainThread]: Sending event: {'category': 'dbt', 'action': 'invocation', 'label': 'end', 'context': [<snowplow_tracker.self_describing_json.SelfDescribingJson object at 0x1041d11c0>, <snowplow_tracker.self_describing_json.SelfDescribingJson object at 0x105717f40>, <snowplow_tracker.self_describing_json.SelfDescribingJson object at 0x105717ee0>]}
[0m08:17:55.345779 [debug] [MainThread]: Flushing usage events


============================== 2023-04-24 08:29:34.299248 | b9e76625-03d0-47d0-8fa3-802c4f73da6f ==============================
[0m08:29:34.299248 [info ] [MainThread]: Running with dbt=1.4.5
[0m08:29:34.299989 [debug] [MainThread]: running dbt with arguments {'write_json': True, 'use_colors': True, 'printer_width': 80, 'version_check': True, 'partial_parse': True, 'static_parser': True, 'profiles_dir': '/Users/tim/.dbt', 'send_anonymous_usage_stats': True, 'quiet': False, 'no_print': False, 'cache_selected_only': False, 'config_dir': False, 'which': 'debug', 'indirect_selection': 'eager'}
[0m08:29:34.300101 [debug] [MainThread]: Tracking: tracking
[0m08:29:34.308483 [debug] [MainThread]: Sending event: {'category': 'dbt', 'action': 'invocation', 'label': 'start', 'context': [<snowplow_tracker.self_describing_json.SelfDescribingJson object at 0x10682ca30>, <snowplow_tracker.self_describing_json.SelfDescribingJson object at 0x10682c130>, <snowplow_tracker.self_describing_json.SelfDescribingJson object at 0x10682c100>]}
[0m08:29:34.490263 [debug] [MainThread]: Executing "git --help"
[0m08:29:34.502888 [debug] [MainThread]: STDOUT: "b"usage: git [-v | --version] [-h | --help] [-C <path>] [-c <name>=<value>]\n           [--exec-path[=<path>]] [--html-path] [--man-path] [--info-path]\n           [-p | --paginate | -P | --no-pager] [--no-replace-objects] [--bare]\n           [--git-dir=<path>] [--work-tree=<path>] [--namespace=<name>]\n           [--config-env=<name>=<envvar>] <command> [<args>]\n\nThese are common Git commands used in various situations:\n\nstart a working area (see also: git help tutorial)\n   clone     Clone a repository into a new directory\n   init      Create an empty Git repository or reinitialize an existing one\n\nwork on the current change (see also: git help everyday)\n   add       Add file contents to the index\n   mv        Move or rename a file, a directory, or a symlink\n   restore   Restore working tree files\n   rm        Remove files from the working tree and from the index\n\nexamine the history and state (see also: git help revisions)\n   bisect    Use binary search to find the commit that introduced a bug\n   diff      Show changes between commits, commit and working tree, etc\n   grep      Print lines matching a pattern\n   log       Show commit logs\n   show      Show various types of objects\n   status    Show the working tree status\n\ngrow, mark and tweak your common history\n   branch    List, create, or delete branches\n   commit    Record changes to the repository\n   merge     Join two or more development histories together\n   rebase    Reapply commits on top of another base tip\n   reset     Reset current HEAD to the specified state\n   switch    Switch branches\n   tag       Create, list, delete or verify a tag object signed with GPG\n\ncollaborate (see also: git help workflows)\n   fetch     Download objects and refs from another repository\n   pull      Fetch from and integrate with another repository or a local branch\n   push      Update remote refs along with associated objects\n\n'git help -a' and 'git help -g' list available subcommands and some\nconcept guides. See 'git help <command>' or 'git help <concept>'\nto read about a specific subcommand or concept.\nSee 'git help git' for an overview of the system.\n""
[0m08:29:34.503290 [debug] [MainThread]: STDERR: "b''"
[0m08:29:34.508789 [debug] [MainThread]: Acquiring new bigquery connection 'debug'
[0m08:29:34.509187 [debug] [MainThread]: Opening a new connection, currently in state init
[0m08:29:34.965703 [debug] [MainThread]: On debug: select 1 as id
[0m08:29:37.486643 [debug] [MainThread]: BigQuery adapter: https://console.cloud.google.com/bigquery?project=y42-solution-engineering&j=bq:EU:18427e93-03ba-46e4-a457-0f83c52358d4&page=queryresults
[0m08:29:37.488045 [debug] [MainThread]: Sending event: {'category': 'dbt', 'action': 'invocation', 'label': 'end', 'context': [<snowplow_tracker.self_describing_json.SelfDescribingJson object at 0x107d8f940>, <snowplow_tracker.self_describing_json.SelfDescribingJson object at 0x1053bec70>, <snowplow_tracker.self_describing_json.SelfDescribingJson object at 0x107d84e50>]}
[0m08:29:37.488711 [debug] [MainThread]: Flushing usage events
[0m08:29:37.988973 [debug] [MainThread]: Connection 'debug' was properly closed.


============================== 2023-04-24 08:37:32.888979 | 9d641dc9-4d75-4ec4-8d1a-5c8348d29d05 ==============================
[0m08:37:32.888979 [info ] [MainThread]: Running with dbt=1.4.5
[0m08:37:32.889746 [debug] [MainThread]: running dbt with arguments {'write_json': True, 'use_colors': True, 'printer_width': 80, 'version_check': True, 'partial_parse': True, 'static_parser': True, 'profiles_dir': '/Users/tim/.dbt', 'send_anonymous_usage_stats': True, 'quiet': False, 'no_print': False, 'cache_selected_only': False, 'config_dir': False, 'which': 'debug', 'indirect_selection': 'eager'}
[0m08:37:32.889837 [debug] [MainThread]: Tracking: tracking
[0m08:37:32.896801 [debug] [MainThread]: Sending event: {'category': 'dbt', 'action': 'invocation', 'label': 'start', 'context': [<snowplow_tracker.self_describing_json.SelfDescribingJson object at 0x107178910>, <snowplow_tracker.self_describing_json.SelfDescribingJson object at 0x1071780a0>, <snowplow_tracker.self_describing_json.SelfDescribingJson object at 0x107178af0>]}
[0m08:37:33.079597 [debug] [MainThread]: Executing "git --help"
[0m08:37:33.095573 [debug] [MainThread]: STDOUT: "b"usage: git [-v | --version] [-h | --help] [-C <path>] [-c <name>=<value>]\n           [--exec-path[=<path>]] [--html-path] [--man-path] [--info-path]\n           [-p | --paginate | -P | --no-pager] [--no-replace-objects] [--bare]\n           [--git-dir=<path>] [--work-tree=<path>] [--namespace=<name>]\n           [--config-env=<name>=<envvar>] <command> [<args>]\n\nThese are common Git commands used in various situations:\n\nstart a working area (see also: git help tutorial)\n   clone     Clone a repository into a new directory\n   init      Create an empty Git repository or reinitialize an existing one\n\nwork on the current change (see also: git help everyday)\n   add       Add file contents to the index\n   mv        Move or rename a file, a directory, or a symlink\n   restore   Restore working tree files\n   rm        Remove files from the working tree and from the index\n\nexamine the history and state (see also: git help revisions)\n   bisect    Use binary search to find the commit that introduced a bug\n   diff      Show changes between commits, commit and working tree, etc\n   grep      Print lines matching a pattern\n   log       Show commit logs\n   show      Show various types of objects\n   status    Show the working tree status\n\ngrow, mark and tweak your common history\n   branch    List, create, or delete branches\n   commit    Record changes to the repository\n   merge     Join two or more development histories together\n   rebase    Reapply commits on top of another base tip\n   reset     Reset current HEAD to the specified state\n   switch    Switch branches\n   tag       Create, list, delete or verify a tag object signed with GPG\n\ncollaborate (see also: git help workflows)\n   fetch     Download objects and refs from another repository\n   pull      Fetch from and integrate with another repository or a local branch\n   push      Update remote refs along with associated objects\n\n'git help -a' and 'git help -g' list available subcommands and some\nconcept guides. See 'git help <command>' or 'git help <concept>'\nto read about a specific subcommand or concept.\nSee 'git help git' for an overview of the system.\n""
[0m08:37:33.095961 [debug] [MainThread]: STDERR: "b''"
[0m08:37:33.100497 [debug] [MainThread]: Acquiring new bigquery connection 'debug'
[0m08:37:33.100874 [debug] [MainThread]: Opening a new connection, currently in state init
[0m08:37:33.567278 [debug] [MainThread]: On debug: select 1 as id
[0m08:37:34.587053 [debug] [MainThread]: BigQuery adapter: https://console.cloud.google.com/bigquery?project=y42-solution-engineering&j=bq:EU:a6c05c7c-c9df-4513-b2dc-8f4b86d553a1&page=queryresults
[0m08:37:34.588647 [debug] [MainThread]: Sending event: {'category': 'dbt', 'action': 'invocation', 'label': 'end', 'context': [<snowplow_tracker.self_describing_json.SelfDescribingJson object at 0x1108e2220>, <snowplow_tracker.self_describing_json.SelfDescribingJson object at 0x1108e2670>, <snowplow_tracker.self_describing_json.SelfDescribingJson object at 0x1108fc430>]}
[0m08:37:34.589405 [debug] [MainThread]: Flushing usage events
[0m08:37:35.087646 [debug] [MainThread]: Connection 'debug' was properly closed.
